<?xml version="1.0" encoding="UTF-8"?>
<testng-results ignored="0" total="2" passed="1" failed="1" skipped="0">
  <reporter-output>
  </reporter-output>
  <suite started-at="2026-01-01T14:11:02 IST" name="Default suite" finished-at="2026-01-01T14:11:13 IST" duration-ms="11296">
    <groups>
      <group name="cucumber">
        <method signature="AbstractTestNGCucumberTests.runScenario(io.cucumber.testng.PickleWrapper,io.cucumber.testng.FeatureWrapper)[pri:0, instance:TestNGRunner.first@544fa968]" name="runScenario" class="io.cucumber.testng.AbstractTestNGCucumberTests"/>
      </group> <!-- cucumber -->
    </groups>
    <test started-at="2026-01-01T14:11:02 IST" name="Default test" finished-at="2026-01-01T14:11:13 IST" duration-ms="11296">
      <class name="TestNGRunner.first">
        <test-method is-config="true" signature="setUpClass(org.testng.ITestContext)[pri:0, instance:TestNGRunner.first@544fa968]" started-at="2026-01-01T14:11:02 IST" name="setUpClass" finished-at="2026-01-01T14:11:03 IST" duration-ms="364" status="PASS">
          <params>
            <param index="0">
              <value>
                <![CDATA[org.testng.TestRunner@455824ad]]>
              </value>
            </param>
          </params>
          <reporter-output>
          </reporter-output>
        </test-method> <!-- setUpClass -->
        <test-method signature="runScenario(io.cucumber.testng.PickleWrapper,io.cucumber.testng.FeatureWrapper)[pri:0, instance:TestNGRunner.first@544fa968]" started-at="2026-01-01T14:11:03 IST" name="runScenario" description="Runs Cucumber Scenarios" data-provider="scenarios" finished-at="2026-01-01T14:11:12 IST" duration-ms="9237" status="PASS">
          <params>
            <param index="0">
              <value>
                <![CDATA["user verifies whether search page and deals page products are same"]]>
              </value>
            </param>
            <param index="1">
              <value>
                <![CDATA["Search and compare the order for products"]]>
              </value>
            </param>
          </params>
          <reporter-output>
          </reporter-output>
        </test-method> <!-- runScenario -->
        <test-method signature="runScenario(io.cucumber.testng.PickleWrapper,io.cucumber.testng.FeatureWrapper)[pri:0, instance:TestNGRunner.first@544fa968]" started-at="2026-01-01T14:11:03 IST" name="runScenario" description="Runs Cucumber Scenarios" data-provider="scenarios" finished-at="2026-01-01T14:11:13 IST" duration-ms="10727" status="FAIL">
          <params>
            <param index="0">
              <value>
                <![CDATA["user verifies whether search page and deals page products are same"]]>
              </value>
            </param>
            <param index="1">
              <value>
                <![CDATA["Search and compare the order for products"]]>
              </value>
            </param>
          </params>
          <exception class="java.lang.AssertionError">
            <message>
              <![CDATA[expected [Beetroot] but found [No data]]]>
            </message>
            <full-stacktrace>
              <![CDATA[java.lang.AssertionError: expected [Beetroot] but found [No data]
at org.testng.Assert.fail(Assert.java:111)
at org.testng.Assert.failNotEquals(Assert.java:1590)
at org.testng.Assert.assertEqualsImpl(Assert.java:150)
at org.testng.Assert.assertEquals(Assert.java:132)
at org.testng.Assert.assertEquals(Assert.java:656)
at org.testng.Assert.assertEquals(Assert.java:666)
at stepdefinitions.dealPageStepdefiniton.validate(dealPageStepdefiniton.java:72)
at âœ½.validate if landing page product name is same as deal page product name(file:///Users/iamchandan/eclipse-workspace/cucumberfirst/src/test/java/features/first.feature:14)
]]>
            </full-stacktrace>
          </exception> <!-- java.lang.AssertionError -->
          <reporter-output>
          </reporter-output>
        </test-method> <!-- runScenario -->
        <test-method is-config="true" signature="tearDownClass()[pri:0, instance:TestNGRunner.first@544fa968]" started-at="2026-01-01T14:11:13 IST" name="tearDownClass" finished-at="2026-01-01T14:11:13 IST" duration-ms="183" status="PASS">
          <reporter-output>
          </reporter-output>
        </test-method> <!-- tearDownClass -->
      </class> <!-- TestNGRunner.first -->
    </test> <!-- Default test -->
  </suite> <!-- Default suite -->
</testng-results>
