<?xml version="1.0" encoding="UTF-8"?>
<!-- Generated by org.testng.reporters.JUnitReportReporter -->
<testsuite hostname="192.168.1.6" failures="1" tests="1" name="TestNGRunner.failedCasesTestRunner$first" time="8.444" errors="0" timestamp="2025-12-31T13:52:23 IST" skipped="0">
  <testcase classname="TestNGRunner.failedCasesTestRunner$first" name="runScenario" time="8.444">
    <failure message="expected [Beetroot] but found [No data]" type="java.lang.AssertionError">
      <![CDATA[java.lang.AssertionError: expected [Beetroot] but found [No data]
at org.testng.Assert.fail(Assert.java:111)
at org.testng.Assert.failNotEquals(Assert.java:1590)
at org.testng.Assert.assertEqualsImpl(Assert.java:150)
at org.testng.Assert.assertEquals(Assert.java:132)
at org.testng.Assert.assertEquals(Assert.java:656)
at org.testng.Assert.assertEquals(Assert.java:666)
at stepdefinitions.dealPageStepdefiniton.validate(dealPageStepdefiniton.java:72)
at ✽.validate if landing page product name is same as deal page product name(file:///Users/iamchandan/eclipse-workspace/cucumberfirst/src/test/java/features/first.feature:14)
]]>
    </failure>
  </testcase> <!-- runScenario -->
</testsuite> <!-- TestNGRunner.failedCasesTestRunner$first -->
