<?xml version="1.0" encoding="UTF-8"?>
<!-- Generated by org.testng.reporters.JUnitReportReporter -->
<testsuite hostname="Chandans-MacBook-Pro.local" failures="1" tests="2" name="TestNGRunner.first" time="19.964" errors="0" timestamp="2026-01-01T14:11:14 IST" skipped="0">
  <testcase classname="TestNGRunner.first" name="runScenario" time="10.727">
    <failure message="expected [Beetroot] but found [No data]" type="java.lang.AssertionError">
      <![CDATA[java.lang.AssertionError: expected [Beetroot] but found [No data]
at org.testng.Assert.fail(Assert.java:111)
at org.testng.Assert.failNotEquals(Assert.java:1590)
at org.testng.Assert.assertEqualsImpl(Assert.java:150)
at org.testng.Assert.assertEquals(Assert.java:132)
at org.testng.Assert.assertEquals(Assert.java:656)
at org.testng.Assert.assertEquals(Assert.java:666)
at stepdefinitions.dealPageStepdefiniton.validate(dealPageStepdefiniton.java:72)
at ✽.validate if landing page product name is same as deal page product name(file:///Users/iamchandan/eclipse-workspace/cucumberfirst/src/test/java/features/first.feature:14)
]]>
    </failure>
  </testcase> <!-- runScenario -->
  <testcase classname="TestNGRunner.first" name="runScenario" time="9.237"/>
</testsuite> <!-- TestNGRunner.first -->
